<?xml version="1.0" encoding="UTF-8"?>
<!-- Generated by org.testng.reporters.JUnitReportReporter -->
<testsuite hostname="DESKTOP-AU847K4" failures="0" tests="3" name="testNGpack.TNG_002" time="63.433" errors="0" timestamp="2024-12-23T12:18:08 IST" skipped="0">
  <testcase classname="testNGpack.TNG_002" name="amazonTest2" time="19.170"/>
  <system-out/>
  <testcase classname="testNGpack.TNG_002" name="amazonTest" time="26.271"/>
  <system-out/>
  <testcase classname="testNGpack.TNG_002" name="amazonTest1" time="17.992"/>
  <system-out/>
</testsuite> <!-- testNGpack.TNG_002 -->
